<?xml version="1.0" encoding="UTF-8"?>
<!-- Generated by org.testng.reporters.JUnitReportReporter -->
<testsuite hostname="XD-KUMARAR-CNT" failures="0" tests="1" name="Runner_Sprint_40.Runner" time="355.307" errors="0" timestamp="2024-06-20T12:48:38 IST" skipped="0">
  <testcase classname="Runner_Sprint_40.Runner" name="EPICPLTFRM_2053" time="355.307"/>
  <system-out/>
</testsuite> <!-- Runner_Sprint_40.Runner -->
